  WindowsAPI.cpp
c:\users\admin\source\repos\windowsapi\windowsapi\windowsapi.cpp(297): warning C4018: '<': signed 또는 unsigned가 일치하지 않습니다.
c:\users\admin\source\repos\windowsapi\windowsapi\windowsapi.cpp(299): warning C4018: '<': signed 또는 unsigned가 일치하지 않습니다.
c:\users\admin\source\repos\windowsapi\windowsapi\windowsapi.cpp(304): warning C4018: '<': signed 또는 unsigned가 일치하지 않습니다.
c:\users\admin\source\repos\windowsapi\windowsapi\windowsapi.cpp(313): warning C4018: '<': signed 또는 unsigned가 일치하지 않습니다.
c:\users\admin\source\repos\windowsapi\windowsapi\windowsapi.cpp(316): warning C4305: '+=': 'double'에서 'FLOAT'(으)로 잘립니다.
c:\users\admin\source\repos\windowsapi\windowsapi\windowsapi.cpp(411): warning C4244: '인수': 'int'에서 'FLOAT'(으)로 변환하면서 데이터가 손실될 수 있습니다.
c:\users\admin\source\repos\windowsapi\windowsapi\windowsapi.cpp(416): warning C4244: '인수': 'int'에서 'FLOAT'(으)로 변환하면서 데이터가 손실될 수 있습니다.
c:\users\admin\source\repos\windowsapi\windowsapi\windowsapi.cpp(419): warning C4244: '인수': 'int'에서 'FLOAT'(으)로 변환하면서 데이터가 손실될 수 있습니다.
c:\users\admin\source\repos\windowsapi\windowsapi\windowsapi.cpp(472): warning C4552: '+': 식의 결과가 사용되지 않습니다.
c:\users\admin\source\repos\windowsapi\windowsapi\windowsapi.cpp(475): warning C4018: '<': signed 또는 unsigned가 일치하지 않습니다.
c:\users\admin\source\repos\windowsapi\windowsapi\windowsapi.cpp(562): warning C4244: '인수': 'FLOAT'에서 'int'(으)로 변환하면서 데이터가 손실될 수 있습니다.
c:\users\admin\source\repos\windowsapi\windowsapi\windowsapi.cpp(570): warning C4244: '초기화 중': 'double'에서 'FLOAT'(으)로 변환하면서 데이터가 손실될 수 있습니다.
c:\users\admin\source\repos\windowsapi\windowsapi\windowsapi.cpp(609): warning C4305: '초기화 중': 'double'에서 'FLOAT'(으)로 잘립니다.
c:\users\admin\source\repos\windowsapi\windowsapi\windowsapi.cpp(611): warning C4244: '초기화 중': 'const LONG'에서 'FLOAT'(으)로 변환하면서 데이터가 손실될 수 있습니다.
c:\users\admin\source\repos\windowsapi\windowsapi\windowsapi.cpp(614): warning C4244: '=': 'float'에서 'LONG'(으)로 변환하면서 데이터가 손실될 수 있습니다.
c:\users\admin\source\repos\windowsapi\windowsapi\windowsapi.cpp(615): warning C4244: '=': 'float'에서 'LONG'(으)로 변환하면서 데이터가 손실될 수 있습니다.
c:\users\admin\source\repos\windowsapi\windowsapi\windowsapi.cpp(616): warning C4244: '=': 'FLOAT'에서 'LONG'(으)로 변환하면서 데이터가 손실될 수 있습니다.
c:\users\admin\source\repos\windowsapi\windowsapi\windowsapi.cpp(617): warning C4244: '=': 'FLOAT'에서 'LONG'(으)로 변환하면서 데이터가 손실될 수 있습니다.
  WindowsAPI.vcxproj -> C:\Users\Admin\source\repos\WindowsAPI\Debug\WindowsAPI.exe
